#
# There is insufficient memory for the Java Runtime Environment to continue.
# Native memory allocation (malloc) failed to allocate 32744 bytes for ChunkPool::allocate
# Possible reasons:
#   The system is out of physical RAM or swap space
#   The process is running with CompressedOops enabled, and the Java Heap may be blocking the growth of the native heap
# Possible solutions:
#   Reduce memory load on the system
#   Increase physical memory or swap space
#   Check if swap backing store is full
#   Decrease Java heap size (-Xmx/-Xms)
#   Decrease number of Java threads
#   Decrease Java thread stack sizes (-Xss)
#   Set larger code cache with -XX:ReservedCodeCacheSize=
#   JVM is running with Unscaled Compressed Oops mode in which the Java heap is
#     placed in the first 4GB address space. The Java Heap base address is the
#     maximum limit for the native heap growth. Please use -XX:HeapBaseMinAddress
#     to set the Java Heap base and to place the Java Heap above 4GB virtual address.
# This output file may be truncated or incomplete.
#
#  Out of Memory Error (allocation.cpp:272), pid=5856, tid=0x0000000000000abc
#
# JRE version: OpenJDK Runtime Environment (8.0_212-b04) (build 1.8.0_212-release-1586-b04)
# Java VM: OpenJDK 64-Bit Server VM (25.212-b04 mixed mode windows-amd64 compressed oops)
# Failed to write core dump. Minidumps are not enabled by default on client versions of Windows
#

---------------  T H R E A D  ---------------

Current thread (0x00000000164ec000):  JavaThread "C2 CompilerThread1" daemon [_thread_in_native, id=2748, stack(0x0000000017c50000,0x0000000017d50000)]

Stack: [0x0000000017c50000,0x0000000017d50000]
[error occurred during error reporting (printing stack bounds), id 0xc0000005]

Native frames: (J=compiled Java code, j=interpreted, Vv=VM code, C=native code)


Current CompileTask:
C2:  14608 4048       4       java.security.SecureClassLoader::defineClass (16 bytes)


---------------  P R O C E S S  ---------------

Java Threads: ( => current thread )
  0x000000001dc14800 JavaThread "Build operations Thread 4" [_thread_blocked, id=13980, stack(0x0000000020ea0000,0x0000000020fa0000)]
  0x000000001dc16000 JavaThread "Build operations Thread 3" [_thread_blocked, id=6116, stack(0x0000000020da0000,0x0000000020ea0000)]
  0x000000001dc15800 JavaThread "Build operations Thread 2" [_thread_blocked, id=12272, stack(0x0000000020ca0000,0x0000000020da0000)]
  0x000000001dc10000 JavaThread "Build operations" [_thread_blocked, id=11172, stack(0x0000000020ba0000,0x0000000020ca0000)]
  0x000000001dc13000 JavaThread "Cache worker for execution history cache (C:\Users\РђРЅС‚РѕРЅ\.gradle\caches\5.6.4\executionHistory)" [_thread_blocked, id=9352, stack(0x00000000202a0000,0x00000000203a0000)]
  0x0000000019ef2800 JavaThread "Cache worker for cache directory md-rule (C:\Users\РђРЅС‚РѕРЅ\.gradle\caches\5.6.4\md-rule)" [_thread_blocked, id=7996, stack(0x000000001eaf0000,0x000000001ebf0000)]
  0x0000000019ef9800 JavaThread "Cache worker for cache directory md-supplier (C:\Users\РђРЅС‚РѕРЅ\.gradle\caches\5.6.4\md-supplier)" [_thread_blocked, id=15156, stack(0x000000001e820000,0x000000001e920000)]
  0x0000000019ef5000 JavaThread "Cache worker for file hash cache (E:\Projects\AndroidStudio\NotePadPlus\.gradle\5.6.4\fileHashes)" [_thread_blocked, id=7908, stack(0x000000001e9f0000,0x000000001eaf0000)]
  0x0000000019ef4000 JavaThread "Cache worker for journal cache (C:\Users\РђРЅС‚РѕРЅ\.gradle\caches\journal-1)" [_thread_blocked, id=7572, stack(0x000000001c280000,0x000000001c380000)]
  0x0000000019ef8000 JavaThread "File lock request listener" [_thread_in_native, id=13556, stack(0x000000001c180000,0x000000001c280000)]
  0x0000000019ef5800 JavaThread "Cache worker for file hash cache (C:\Users\РђРЅС‚РѕРЅ\.gradle\caches\5.6.4\fileHashes)" [_thread_blocked, id=14764, stack(0x000000001be80000,0x000000001bf80000)]
  0x0000000019e5c000 JavaThread "Thread-9" [_thread_blocked, id=10992, stack(0x000000001bd80000,0x000000001be80000)]
  0x0000000019e37800 JavaThread "Stdin handler" [_thread_blocked, id=10276, stack(0x000000001bc80000,0x000000001bd80000)]
  0x0000000019e50000 JavaThread "Asynchronous log dispatcher for DefaultDaemonConnection: socket connection from /127.0.0.1:54283 to /127.0.0.1:54284" [_thread_blocked, id=12420, stack(0x000000001bb80000,0x000000001bc80000)]
  0x0000000019e4e800 JavaThread "Daemon worker" [_thread_in_native, id=9688, stack(0x000000001ba80000,0x000000001bb80000)]
  0x0000000019e4e000 JavaThread "Cancel handler" [_thread_blocked, id=13716, stack(0x000000001b980000,0x000000001ba80000)]
  0x0000000019dfe000 JavaThread "Handler for socket connection from /127.0.0.1:54283 to /127.0.0.1:54284" [_thread_in_native, id=12236, stack(0x000000001b680000,0x000000001b780000)]
  0x0000000019dfb800 JavaThread "Daemon" [_thread_blocked, id=14560, stack(0x000000001b580000,0x000000001b680000)]
  0x0000000019da4800 JavaThread "Daemon periodic checks" [_thread_blocked, id=13372, stack(0x000000001b480000,0x000000001b580000)]
  0x0000000019df3000 JavaThread "Incoming local TCP Connector on port 54283" [_thread_in_native, id=12104, stack(0x000000001b230000,0x000000001b330000)]
  0x0000000017f2d800 JavaThread "Daemon health stats" [_thread_blocked, id=15212, stack(0x000000001abf0000,0x000000001acf0000)]
  0x0000000017e90800 JavaThread "Service Thread" daemon [_thread_blocked, id=1252, stack(0x0000000018250000,0x0000000018350000)]
  0x00000000164fc800 JavaThread "C1 CompilerThread2" daemon [_thread_blocked, id=13004, stack(0x0000000017d50000,0x0000000017e50000)]
=>0x00000000164ec000 JavaThread "C2 CompilerThread1" daemon [_thread_in_native, id=2748, stack(0x0000000017c50000,0x0000000017d50000)]
  0x00000000164e5800 JavaThread "C2 CompilerThread0" daemon [_thread_in_native, id=6768, stack(0x0000000017b50000,0x0000000017c50000)]
  0x00000000164e4000 JavaThread "Attach Listener" daemon [_thread_blocked, id=13460, stack(0x0000000017a50000,0x0000000017b50000)]
  0x00000000164e2800 JavaThread "Signal Dispatcher" daemon [_thread_blocked, id=13168, stack(0x0000000017950000,0x0000000017a50000)]
  0x0000000002ac9800 JavaThread "Finalizer" daemon [_thread_blocked, id=120, stack(0x0000000017740000,0x0000000017840000)]
  0x0000000002ac1000 JavaThread "Reference Handler" daemon [_thread_blocked, id=12652, stack(0x0000000017640000,0x0000000017740000)]
  0x0000000002b6e000 JavaThread "main" [_thread_blocked, id=11392, stack(0x0000000002860000,0x0000000002960000)]

Other Threads:
  0x00000000164a6000 VMThread [stack: 0x0000000017540000,0x0000000017640000] [id=8004]
  0x000000001653d000 WatcherThread [stack: 0x0000000018350000,0x0000000018450000] [id=11544]

VM state:not at safepoint (normal execution)

VM Mutex/Monitor currently owned by a thread: None

heap address: 0x00000000a0000000, size: 1536 MB, Compressed Oops mode: 32-bit
Narrow klass base: 0x0000000000000000, Narrow klass shift: 3
Compressed class space size: 1073741824 Address: 0x0000000100000000

Heap:
 PSYoungGen      total 114176K, used 73883K [0x00000000e0000000, 0x00000000e8980000, 0x0000000100000000)
  eden space 107008K, 69% used [0x00000000e0000000,0x00000000e4826d80,0x00000000e6880000)
  from space 7168K, 0% used [0x00000000e8280000,0x00000000e8280000,0x00000000e8980000)
  to   space 10752K, 0% used [0x00000000e7480000,0x00000000e7480000,0x00000000e7f00000)
 ParOldGen       total 72704K, used 16833K [0x00000000a0000000, 0x00000000a4700000, 0x00000000e0000000)
  object space 72704K, 23% used [0x00000000a0000000,0x00000000a1070738,0x00000000a4700000)
 Metaspace       used 41926K, capacity 43100K, committed 43392K, reserved 1087488K
  class space    used 5656K, capacity 5955K, committed 6016K, reserved 1048576K

Card table byte_map: [0x0000000011f30000,0x0000000012240000] byte_map_base: 0x0000000011a30000

Marking Bits: (ParMarkBitMap*) 0x0000000069989f30
 Begin Bits: [0x0000000012840000, 0x0000000014040000)
 End Bits:   [0x0000000014040000, 0x0000000015840000)

Polling page: 0x0000000000c80000

CodeCache: size=245760Kb used=12888Kb max_used=12888Kb free=232871Kb
 bounds [0x0000000002b70000, 0x0000000003810000, 0x0000000011b70000]
 total_blobs=4494 nmethods=3735 adapters=671
 compilation: enabled

Compilation events (10 events):
Event: 14.196 Thread 0x00000000164fc800 4064       3       jdk.internal.org.objectweb.asm.MethodWriter::visitTypeInsn (110 bytes)
Event: 14.197 Thread 0x00000000164fc800 nmethod 4064 0x000000000380c410 code [0x000000000380c5a0, 0x000000000380c9c8]
Event: 14.197 Thread 0x00000000164fc800 4063       3       java.lang.invoke.AbstractValidatingLambdaMetafactory::isAdaptableTo (126 bytes)
Event: 14.198 Thread 0x00000000164fc800 nmethod 4063 0x000000000380cbd0 code [0x000000000380ce40, 0x000000000380dd48]
Event: 14.199 Thread 0x00000000164fc800 4065       3       java.util.Objects::requireNonNull (15 bytes)
Event: 14.200 Thread 0x00000000164fc800 nmethod 4065 0x000000000380e310 code [0x000000000380e480, 0x000000000380e6a8]
Event: 14.204 Thread 0x00000000164fc800 4066       3       java.lang.invoke.InnerClassLambdaMetafactory::getOpcodeOffset (38 bytes)
Event: 14.205 Thread 0x00000000164fc800 nmethod 4066 0x000000000380e990 code [0x000000000380eb00, 0x000000000380ee48]
Event: 14.575 Thread 0x00000000164fc800 4070       3       java.security.CodeSource::hashCode (17 bytes)
Event: 14.575 Thread 0x00000000164fc800 nmethod 4070 0x000000000380f250 code [0x000000000380f3e0, 0x000000000380f968]

GC Heap History (10 events):
Event: 5.363 GC heap before
{Heap before GC invocations=8 (full 1):
 PSYoungGen      total 72704K, used 5575K [0x00000000e0000000, 0x00000000e8d00000, 0x0000000100000000)
  eden space 61440K, 0% used [0x00000000e0000000,0x00000000e0000000,0x00000000e3c00000)
  from space 11264K, 49% used [0x00000000e3c00000,0x00000000e4171dd0,0x00000000e4700000)
  to   space 10752K, 0% used [0x00000000e8280000,0x00000000e8280000,0x00000000e8d00000)
 ParOldGen       total 83456K, used 8591K [0x00000000a0000000, 0x00000000a5180000, 0x00000000e0000000)
  object space 83456K, 10% used [0x00000000a0000000,0x00000000a0863f78,0x00000000a5180000)
 Metaspace       used 20701K, capacity 21200K, committed 21296K, reserved 1067008K
  class space    used 2992K, capacity 3139K, committed 3200K, reserved 1048576K
Event: 5.416 GC heap after
Heap after GC invocations=8 (full 1):
 PSYoungGen      total 72704K, used 0K [0x00000000e0000000, 0x00000000e8d00000, 0x0000000100000000)
  eden space 61440K, 0% used [0x00000000e0000000,0x00000000e0000000,0x00000000e3c00000)
  from space 11264K, 0% used [0x00000000e3c00000,0x00000000e3c00000,0x00000000e4700000)
  to   space 10752K, 0% used [0x00000000e8280000,0x00000000e8280000,0x00000000e8d00000)
 ParOldGen       total 50688K, used 8336K [0x00000000a0000000, 0x00000000a3180000, 0x00000000e0000000)
  object space 50688K, 16% used [0x00000000a0000000,0x00000000a0824090,0x00000000a3180000)
 Metaspace       used 20701K, capacity 21200K, committed 21296K, reserved 1067008K
  class space    used 2992K, capacity 3139K, committed 3200K, reserved 1048576K
}
Event: 6.589 GC heap before
{Heap before GC invocations=9 (full 1):
 PSYoungGen      total 72704K, used 61440K [0x00000000e0000000, 0x00000000e8d00000, 0x0000000100000000)
  eden space 61440K, 100% used [0x00000000e0000000,0x00000000e3c00000,0x00000000e3c00000)
  from space 11264K, 0% used [0x00000000e3c00000,0x00000000e3c00000,0x00000000e4700000)
  to   space 10752K, 0% used [0x00000000e8280000,0x00000000e8280000,0x00000000e8d00000)
 ParOldGen       total 50688K, used 8336K [0x00000000a0000000, 0x00000000a3180000, 0x00000000e0000000)
  object space 50688K, 16% used [0x00000000a0000000,0x00000000a0824090,0x00000000a3180000)
 Metaspace       used 27903K, capacity 28498K, committed 28672K, reserved 1073152K
  class space    used 3811K, capacity 4012K, committed 4096K, reserved 1048576K
Event: 6.598 GC heap after
Heap after GC invocations=9 (full 1):
 PSYoungGen      total 114176K, used 7131K [0x00000000e0000000, 0x00000000e8980000, 0x0000000100000000)
  eden space 107008K, 0% used [0x00000000e0000000,0x00000000e0000000,0x00000000e6880000)
  from space 7168K, 99% used [0x00000000e8280000,0x00000000e8976ed8,0x00000000e8980000)
  to   space 10752K, 0% used [0x00000000e7480000,0x00000000e7480000,0x00000000e7f00000)
 ParOldGen       total 50688K, used 8344K [0x00000000a0000000, 0x00000000a3180000, 0x00000000e0000000)
  object space 50688K, 16% used [0x00000000a0000000,0x00000000a0826090,0x00000000a3180000)
 Metaspace       used 27903K, capacity 28498K, committed 28672K, reserved 1073152K
  class space    used 3811K, capacity 4012K, committed 4096K, reserved 1048576K
}
Event: 9.230 GC heap before
{Heap before GC invocations=10 (full 1):
 PSYoungGen      total 114176K, used 114139K [0x00000000e0000000, 0x00000000e8980000, 0x0000000100000000)
  eden space 107008K, 100% used [0x00000000e0000000,0x00000000e6880000,0x00000000e6880000)
  from space 7168K, 99% used [0x00000000e8280000,0x00000000e8976ed8,0x00000000e8980000)
  to   space 10752K, 0% used [0x00000000e7480000,0x00000000e7480000,0x00000000e7f00000)
 ParOldGen       total 50688K, used 8344K [0x00000000a0000000, 0x00000000a3180000, 0x00000000e0000000)
  object space 50688K, 16% used [0x00000000a0000000,0x00000000a0826090,0x00000000a3180000)
 Metaspace       used 33968K, capacity 34780K, committed 34944K, reserved 1079296K
  class space    used 4661K, capacity 4896K, committed 4992K, reserved 1048576K
Event: 9.260 GC heap after
Heap after GC invocations=10 (full 1):
 PSYoungGen      total 117760K, used 10751K [0x00000000e0000000, 0x00000000e8980000, 0x0000000100000000)
  eden space 107008K, 0% used [0x00000000e0000000,0x00000000e0000000,0x00000000e6880000)
  from space 10752K, 99% used [0x00000000e7480000,0x00000000e7effd78,0x00000000e7f00000)
  to   space 7168K, 0% used [0x00000000e8280000,0x00000000e8280000,0x00000000e8980000)
 ParOldGen       total 50688K, used 10551K [0x00000000a0000000, 0x00000000a3180000, 0x00000000e0000000)
  object space 50688K, 20% used [0x00000000a0000000,0x00000000a0a4dd20,0x00000000a3180000)
 Metaspace       used 33968K, capacity 34780K, committed 34944K, reserved 1079296K
  class space    used 4661K, capacity 4896K, committed 4992K, reserved 1048576K
}
Event: 9.497 GC heap before
{Heap before GC invocations=11 (full 1):
 PSYoungGen      total 117760K, used 31848K [0x00000000e0000000, 0x00000000e8980000, 0x0000000100000000)
  eden space 107008K, 19% used [0x00000000e0000000,0x00000000e149a388,0x00000000e6880000)
  from space 10752K, 99% used [0x00000000e7480000,0x00000000e7effd78,0x00000000e7f00000)
  to   space 7168K, 0% used [0x00000000e8280000,0x00000000e8280000,0x00000000e8980000)
 ParOldGen       total 50688K, used 10551K [0x00000000a0000000, 0x00000000a3180000, 0x00000000e0000000)
  object space 50688K, 20% used [0x00000000a0000000,0x00000000a0a4dd20,0x00000000a3180000)
 Metaspace       used 34630K, capacity 35348K, committed 35496K, reserved 1079296K
  class space    used 4766K, capacity 4997K, committed 5120K, reserved 1048576K
Event: 9.510 GC heap after
Heap after GC invocations=11 (full 1):
 PSYoungGen      total 114176K, used 6536K [0x00000000e0000000, 0x00000000e8980000, 0x0000000100000000)
  eden space 107008K, 0% used [0x00000000e0000000,0x00000000e0000000,0x00000000e6880000)
  from space 7168K, 91% used [0x00000000e8280000,0x00000000e88e21b8,0x00000000e8980000)
  to   space 10752K, 0% used [0x00000000e7480000,0x00000000e7480000,0x00000000e7f00000)
 ParOldGen       total 50688K, used 13598K [0x00000000a0000000, 0x00000000a3180000, 0x00000000e0000000)
  object space 50688K, 26% used [0x00000000a0000000,0x00000000a0d47880,0x00000000a3180000)
 Metaspace       used 34630K, capacity 35348K, committed 35496K, reserved 1079296K
  class space    used 4766K, capacity 4997K, committed 5120K, reserved 1048576K
}
Event: 9.510 GC heap before
{Heap before GC invocations=12 (full 2):
 PSYoungGen      total 114176K, used 6536K [0x00000000e0000000, 0x00000000e8980000, 0x0000000100000000)
  eden space 107008K, 0% used [0x00000000e0000000,0x00000000e0000000,0x00000000e6880000)
  from space 7168K, 91% used [0x00000000e8280000,0x00000000e88e21b8,0x00000000e8980000)
  to   space 10752K, 0% used [0x00000000e7480000,0x00000000e7480000,0x00000000e7f00000)
 ParOldGen       total 50688K, used 13598K [0x00000000a0000000, 0x00000000a3180000, 0x00000000e0000000)
  object space 50688K, 26% used [0x00000000a0000000,0x00000000a0d47880,0x00000000a3180000)
 Metaspace       used 34630K, capacity 35348K, committed 35496K, reserved 1079296K
  class space    used 4766K, capacity 4997K, committed 5120K, reserved 1048576K
Event: 9.595 GC heap after
Heap after GC invocations=12 (full 2):
 PSYoungGen      total 114176K, used 0K [0x00000000e0000000, 0x00000000e8980000, 0x0000000100000000)
  eden space 107008K, 0% used [0x00000000e0000000,0x00000000e0000000,0x00000000e6880000)
  from space 7168K, 0% used [0x00000000e8280000,0x00000000e8280000,0x00000000e8980000)
  to   space 10752K, 0% used [0x00000000e7480000,0x00000000e7480000,0x00000000e7f00000)
 ParOldGen       total 72704K, used 16833K [0x00000000a0000000, 0x00000000a4700000, 0x00000000e0000000)
  object space 72704K, 23% used [0x00000000a0000000,0x00000000a1070738,0x00000000a4700000)
 Metaspace       used 34630K, capacity 35348K, committed 35496K, reserved 1079296K
  class space    used 4766K, capacity 4997K, committed 5120K, reserved 1048576K
}

Deoptimization events (10 events):
Event: 12.910 Thread 0x0000000019e4e800 Uncommon trap: reason=unstable_if action=reinterpret pc=0x00000000031be364 method=java.io.BufferedInputStream.read([BII)I @ 56
Event: 13.063 Thread 0x0000000019e4e800 Uncommon trap: reason=unstable_if action=reinterpret pc=0x000000000370ef14 method=org.codehaus.groovy.ast.ClassNode.lazyClassInit()V @ 4
Event: 13.709 Thread 0x0000000019e4e800 Uncommon trap: reason=unstable_if action=reinterpret pc=0x000000000313e3d0 method=java.util.regex.Pattern.has(I)Z @ 6
Event: 13.763 Thread 0x0000000019e4e800 Uncommon trap: reason=bimorphic action=maybe_recompile pc=0x000000000341b030 method=java.util.AbstractCollection.addAll(Ljava/util/Collection;)Z @ 29
Event: 13.906 Thread 0x0000000019e4e800 Uncommon trap: reason=bimorphic action=maybe_recompile pc=0x00000000035596c4 method=java.util.Arrays.binarySearch0([Ljava/lang/Object;IILjava/lang/Object;Ljava/util/Comparator;)I @ 48
Event: 13.906 Thread 0x0000000019e4e800 Uncommon trap: reason=bimorphic action=maybe_recompile pc=0x00000000035596c4 method=java.util.Arrays.binarySearch0([Ljava/lang/Object;IILjava/lang/Object;Ljava/util/Comparator;)I @ 48
Event: 13.906 Thread 0x0000000019e4e800 Uncommon trap: reason=bimorphic action=maybe_recompile pc=0x00000000035596c4 method=java.util.Arrays.binarySearch0([Ljava/lang/Object;IILjava/lang/Object;Ljava/util/Comparator;)I @ 48
Event: 13.906 Thread 0x0000000019e4e800 Uncommon trap: reason=bimorphic action=maybe_recompile pc=0x00000000035596c4 method=java.util.Arrays.binarySearch0([Ljava/lang/Object;IILjava/lang/Object;Ljava/util/Comparator;)I @ 48
Event: 14.082 Thread 0x0000000019e4e800 Uncommon trap: reason=unstable_if action=reinterpret pc=0x0000000003568d0c method=java.security.CodeSource.hashCode()I @ 4
Event: 14.136 Thread 0x0000000019e4e800 Uncommon trap: reason=unstable_if action=reinterpret pc=0x0000000003643110 method=jdk.internal.org.objectweb.asm.Type.getArgumentsAndReturnSizes(Ljava/lang/String;)I @ 47

Classes redefined (0 events):
No events

Internal exceptions (10 events):
Event: 12.423 Thread 0x0000000019e4e800 Exception <a 'java/lang/ClassNotFoundException': org/gradle/api/DefaultTaskBeanInfo> (0x00000000e1f20800) thrown at [D:\src\AOSP-openjdk-cygwin\jdk8u\hotspot\src\share\vm\classfile\systemDictionary.cpp, line 210]
Event: 12.424 Thread 0x0000000019e4e800 Exception <a 'java/lang/ClassNotFoundException': org/gradle/api/internal/AbstractTaskBeanInfo> (0x00000000e1f52698) thrown at [D:\src\AOSP-openjdk-cygwin\jdk8u\hotspot\src\share\vm\classfile\systemDictionary.cpp, line 210]
Event: 12.424 Thread 0x0000000019e4e800 Exception <a 'java/lang/ClassNotFoundException': org/gradle/api/internal/AbstractTaskCustomizer> (0x00000000e1f85350) thrown at [D:\src\AOSP-openjdk-cygwin\jdk8u\hotspot\src\share\vm\classfile\systemDictionary.cpp, line 210]
Event: 12.430 Thread 0x0000000019e4e800 Exception <a 'java/lang/ClassNotFoundException': org/gradle/api/DefaultTaskCustomizer> (0x00000000e2010d18) thrown at [D:\src\AOSP-openjdk-cygwin\jdk8u\hotspot\src\share\vm\classfile\systemDictionary.cpp, line 210]
Event: 12.432 Thread 0x0000000019e4e800 Exception <a 'java/lang/ClassNotFoundException': org/gradle/api/internal/ConventionTaskCustomizer> (0x00000000e20532d8) thrown at [D:\src\AOSP-openjdk-cygwin\jdk8u\hotspot\src\share\vm\classfile\systemDictionary.cpp, line 210]
Event: 12.434 Thread 0x0000000019e4e800 Exception <a 'java/lang/ClassNotFoundException': org/gradle/api/tasks/DeleteCustomizer> (0x00000000e2092320) thrown at [D:\src\AOSP-openjdk-cygwin\jdk8u\hotspot\src\share\vm\classfile\systemDictionary.cpp, line 210]
Event: 12.437 Thread 0x0000000019e4e800 Exception <a 'java/lang/ClassNotFoundException': org/gradle/api/tasks/Delete_DecoratedCustomizer> (0x00000000e20defc8) thrown at [D:\src\AOSP-openjdk-cygwin\jdk8u\hotspot\src\share\vm\classfile\systemDictionary.cpp, line 210]
Event: 13.295 Thread 0x0000000019e4e800 Exception <a 'java/lang/ClassNotFoundException': build_gcpu07bk287tboczjihsl91uBeanInfo> (0x00000000e36551a0) thrown at [D:\src\AOSP-openjdk-cygwin\jdk8u\hotspot\src\share\vm\classfile\systemDictionary.cpp, line 210]
Event: 13.296 Thread 0x0000000019e4e800 Exception <a 'java/lang/ClassNotFoundException': build_gcpu07bk287tboczjihsl91uCustomizer> (0x00000000e3661b70) thrown at [D:\src\AOSP-openjdk-cygwin\jdk8u\hotspot\src\share\vm\classfile\systemDictionary.cpp, line 210]
Event: 14.082 Thread 0x0000000019e4e800 Implicit null exception at 0x0000000003568a15 to 0x0000000003568cfd

Events (10 events):
Event: 14.583 loading class com/google/gson/stream/JsonToken done
Event: 14.584 loading class com/google/gson/annotations/JsonAdapter
Event: 14.584 loading class com/google/gson/annotations/JsonAdapter done
Event: 14.585 loading class com/google/gson/internal/ConstructorConstructor$3
Event: 14.585 loading class com/google/gson/internal/ConstructorConstructor$3 done
Event: 14.586 loading class com/google/gson/annotations/SerializedName
Event: 14.586 loading class com/google/gson/annotations/SerializedName done
Event: 14.588 loading class com/google/gson/internal/Primitives
Event: 14.588 loading class com/google/gson/internal/Primitives done
Event: 14.589 loading class sun/util/locale/provider/DateFormatProviderImpl


Dynamic libraries:
0x00007ff7c1160000 - 0x00007ff7c1191000 	E:\Programs\AndroidStudio\jre\bin\java.exe
0x00007ffee1090000 - 0x00007ffee1286000 	C:\WINDOWS\SYSTEM32\ntdll.dll
0x00007ffee0800000 - 0x00007ffee08bd000 	C:\WINDOWS\System32\KERNEL32.DLL
0x00007ffedeb30000 - 0x00007ffededf9000 	C:\WINDOWS\System32\KERNELBASE.dll
0x00007ffee0fa0000 - 0x00007ffee104c000 	C:\WINDOWS\System32\ADVAPI32.dll
0x00007ffee08e0000 - 0x00007ffee097e000 	C:\WINDOWS\System32\msvcrt.dll
0x00007ffedfff0000 - 0x00007ffee008c000 	C:\WINDOWS\System32\sechost.dll
0x00007ffedf990000 - 0x00007ffedfabb000 	C:\WINDOWS\System32\RPCRT4.dll
0x00007ffedfbf0000 - 0x00007ffedfd90000 	C:\WINDOWS\System32\USER32.dll
0x00007ffede930000 - 0x00007ffede952000 	C:\WINDOWS\System32\win32u.dll
0x00007ffee0980000 - 0x00007ffee09aa000 	C:\WINDOWS\System32\GDI32.dll
0x00007ffedefe0000 - 0x00007ffedf0eb000 	C:\WINDOWS\System32\gdi32full.dll
0x00007ffedef40000 - 0x00007ffedefdd000 	C:\WINDOWS\System32\msvcp_win.dll
0x00007ffede9b0000 - 0x00007ffedeab0000 	C:\WINDOWS\System32\ucrtbase.dll
0x00007ffecf500000 - 0x00007ffecf79b000 	C:\WINDOWS\WinSxS\amd64_microsoft.windows.common-controls_6595b64144ccf1df_6.0.19041.746_none_ca02b4b61b8320a4\COMCTL32.dll
0x00007ffedf160000 - 0x00007ffedf190000 	C:\WINDOWS\System32\IMM32.DLL
0x0000000069000000 - 0x00000000690d2000 	E:\Programs\AndroidStudio\jre\jre\bin\msvcr100.dll
0x00000000691c0000 - 0x0000000069a06000 	E:\Programs\AndroidStudio\jre\jre\bin\server\jvm.dll
0x00007ffedfac0000 - 0x00007ffedfac8000 	C:\WINDOWS\System32\PSAPI.DLL
0x00007ffed7910000 - 0x00007ffed791a000 	C:\WINDOWS\SYSTEM32\VERSION.dll
0x00007ffeced90000 - 0x00007ffecedb7000 	C:\WINDOWS\SYSTEM32\WINMM.dll
0x00007ffed7c30000 - 0x00007ffed7c39000 	C:\WINDOWS\SYSTEM32\WSOCK32.dll
0x00007ffedf0f0000 - 0x00007ffedf15b000 	C:\WINDOWS\System32\WS2_32.dll
0x00007ffed60e0000 - 0x00007ffed60ef000 	E:\Programs\AndroidStudio\jre\jre\bin\verify.dll
0x00007ffed0820000 - 0x00007ffed0849000 	E:\Programs\AndroidStudio\jre\jre\bin\java.dll
0x00007ffed0500000 - 0x00007ffed0516000 	E:\Programs\AndroidStudio\jre\jre\bin\zip.dll
0x00007ffedf240000 - 0x00007ffedf983000 	C:\WINDOWS\System32\SHELL32.dll
0x00007ffedc930000 - 0x00007ffedd0bf000 	C:\WINDOWS\SYSTEM32\windows.storage.dll
0x00007ffee0b70000 - 0x00007ffee0ec6000 	C:\WINDOWS\System32\combase.dll
0x00007ffede160000 - 0x00007ffede18c000 	C:\WINDOWS\SYSTEM32\Wldp.dll
0x00007ffedff30000 - 0x00007ffedffde000 	C:\WINDOWS\System32\SHCORE.dll
0x00007ffee0090000 - 0x00007ffee00e5000 	C:\WINDOWS\System32\shlwapi.dll
0x00007ffede700000 - 0x00007ffede726000 	C:\WINDOWS\SYSTEM32\profapi.dll
0x00007ffecd7b0000 - 0x00007ffecd7ca000 	E:\Programs\AndroidStudio\jre\jre\bin\net.dll
0x00007ffed30d0000 - 0x00007ffed32bd000 	C:\WINDOWS\SYSTEM32\urlmon.dll
0x00007ffecf860000 - 0x00007ffecfb10000 	C:\WINDOWS\SYSTEM32\iertutil.dll
0x00007ffeddee0000 - 0x00007ffeddf4a000 	C:\WINDOWS\system32\mswsock.dll
0x00007ffeda040000 - 0x00007ffeda053000 	E:\Programs\AndroidStudio\jre\jre\bin\nio.dll
0x00007ffec7cc0000 - 0x00007ffec7ce6000 	C:\Users\Антон\.gradle\native\30\windows-amd64\native-platform.dll
0x00007ffed0900000 - 0x00007ffed090d000 	E:\Programs\AndroidStudio\jre\jre\bin\management.dll
0x00007ffede0b0000 - 0x00007ffede0c8000 	C:\WINDOWS\SYSTEM32\CRYPTSP.dll
0x00007ffedd880000 - 0x00007ffedd8b4000 	C:\WINDOWS\system32\rsaenh.dll
0x00007ffedee00000 - 0x00007ffedee27000 	C:\WINDOWS\System32\bcrypt.dll
0x00007ffede6c0000 - 0x00007ffede6ee000 	C:\WINDOWS\SYSTEM32\USERENV.dll
0x00007ffedeab0000 - 0x00007ffedeb30000 	C:\WINDOWS\System32\bcryptprimitives.dll
0x00007ffede0d0000 - 0x00007ffede0dc000 	C:\WINDOWS\SYSTEM32\CRYPTBASE.dll
0x00007ffeddbd0000 - 0x00007ffeddc0b000 	C:\WINDOWS\SYSTEM32\IPHLPAPI.DLL
0x00007ffedffe0000 - 0x00007ffedffe8000 	C:\WINDOWS\System32\NSI.dll
0x00007ffed8100000 - 0x00007ffed8117000 	C:\WINDOWS\SYSTEM32\dhcpcsvc6.DLL
0x00007ffed8830000 - 0x00007ffed884d000 	C:\WINDOWS\SYSTEM32\dhcpcsvc.DLL
0x00007ffeddc10000 - 0x00007ffeddcdb000 	C:\WINDOWS\SYSTEM32\DNSAPI.dll

VM Arguments:
jvm_args: -Xmx1536m -Dfile.encoding=windows-1251 -Duser.country=RU -Duser.language=ru -Duser.variant 
java_command: org.gradle.launcher.daemon.bootstrap.GradleDaemon 5.6.4
java_class_path (initial): C:\Users\Антон\.gradle\wrapper\dists\gradle-5.6.4-all\ankdp27end7byghfw1q2sw75f\gradle-5.6.4\lib\gradle-launcher-5.6.4.jar
Launcher Type: SUN_STANDARD

Environment Variables:
JAVA_HOME=C:\Program Files\Java\jdk-11.0.4
PATH=C:\WINDOWS\system32;C:\WINDOWS;C:\WINDOWS\System32\Wbem;C:\WINDOWS\System32\WindowsPowerShell\v1.0\;C:\WINDOWS\System32\OpenSSH\;E:\MatLab\runtime\win64;E:\MatLab\bin;C:\Program Files\dotnet\;C:\Program Files (x86)\Microsoft SQL Server\150\DTS\Binn\;C:\Program Files\Microsoft SQL Server\Client SDK\ODBC\130\Tools\Binn\;C:\Program Files (x86)\Microsoft SQL Server\140\Tools\Binn\;C:\Program Files\Microsoft SQL Server\140\Tools\Binn\;C:\Program Files\Microsoft SQL Server\140\DTS\Binn\;C:\Users\Антон\AppData\Local\Microsoft\WindowsApps;E:\Programs\Microsoft VS Code\bin;C:\Users\Антон\.android;C:\Users\Антон\.android\avd;
USERNAME=Антон
OS=Windows_NT
PROCESSOR_IDENTIFIER=Intel64 Family 6 Model 58 Stepping 9, GenuineIntel



---------------  S Y S T E M  ---------------

OS: Windows 10.0 , 64 bit Build 19041 (10.0.19041.662)

CPU:total 4 (initial active 4) (2 cores per cpu, 2 threads per core) family 6 model 58 stepping 9, cmov, cx8, fxsr, mmx, sse, sse2, sse3, ssse3, sse4.1, sse4.2, popcnt, avx, clmul, erms, ht, tsc, tscinvbit, tscinv

Memory: 4k page, physical 7939296k(1373200k free), swap 20362760k(6244k free)

vm_info: OpenJDK 64-Bit Server VM (25.212-b04) for windows-amd64 JRE (1.8.0_212-release-1586-b04), built by "builder" with MS VC++ 10.0 (VS2010)

time: Sat Apr 24 14:39:19 2021
timezone: Беларусь (зима)
elapsed time: 14 seconds (0d 0h 0m 14s)

